<?xml version="1.0" encoding="UTF-8"?>
<!-- Generated by org.testng.reporters.JUnitReportReporter -->
<testsuite hostname="LAPTOP-EDNQF8JN" failures="0" tests="2" name="TestNGBasicClasses.Test2" time="19.294" errors="0" timestamp="2023-01-08T14:11:25 CST" skipped="0">
  <testcase classname="TestNGBasicClasses.Test2" name="m4" time="10.260"/>
  <system-out/>
  <testcase classname="TestNGBasicClasses.Test2" name="m3" time="9.034"/>
  <system-out/>
</testsuite> <!-- TestNGBasicClasses.Test2 -->
