<?xml version="1.0" encoding="UTF-8"?>
<!-- Generated by org.testng.reporters.JUnitReportReporter -->
<testsuite hostname="LAPTOP-EDNQF8JN" failures="0" tests="2" name="TestNGBasicClasses.Test3" time="16.820" errors="0" timestamp="2023-01-08T14:11:25 CST" skipped="0">
  <testcase classname="TestNGBasicClasses.Test3" name="m5" time="5.956"/>
  <system-out/>
  <testcase classname="TestNGBasicClasses.Test3" name="m6" time="10.864"/>
  <system-out/>
</testsuite> <!-- TestNGBasicClasses.Test3 -->
