<?xml version="1.0" encoding="UTF-8"?>
<!-- Generated by org.testng.reporters.JUnitReportReporter -->
<testsuite hostname="LAPTOP-EDNQF8JN" failures="0" tests="5" name="TestNGBasicClasses.Test1" time="55.425" errors="0" timestamp="2023-01-08T14:31:36 CST" skipped="0">
  <testcase classname="TestNGBasicClasses.Test1" name="m2" time="12.508"/>
  <system-out/>
  <testcase classname="TestNGBasicClasses.Test1" name="m2" time="12.510"/>
  <system-out/>
  <testcase classname="TestNGBasicClasses.Test1" name="m1" time="12.510"/>
  <system-out/>
  <testcase classname="TestNGBasicClasses.Test1" name="m1" time="12.512"/>
  <system-out/>
  <testcase classname="TestNGBasicClasses.Test1" name="m1" time="5.385"/>
  <system-out/>
</testsuite> <!-- TestNGBasicClasses.Test1 -->
