<?xml version="1.0" encoding="UTF-8"?>
<!-- Generated by org.testng.reporters.JUnitReportReporter -->
<testsuite hostname="LAPTOP-EDNQF8JN" failures="0" tests="2" name="AmazonTestNG1.Amazon2" time="16.487" errors="0" timestamp="2023-01-03T23:26:24 CST" skipped="0">
  <testcase classname="AmazonTestNG1.Amazon2" name="f" time="7.283"/>
  <system-out/>
  <testcase classname="AmazonTestNG1.Amazon2" name="Test2" time="9.204"/>
  <system-out/>
</testsuite> <!-- AmazonTestNG1.Amazon2 -->
