<?xml version="1.0" encoding="UTF-8"?>
<!-- Generated by org.testng.reporters.JUnitReportReporter -->
<testsuite hostname="LAPTOP-EDNQF8JN" failures="0" tests="2" name="ProdLevel.Test2" time="40.644" errors="0" timestamp="2023-01-10T21:17:11 CST" skipped="0">
  <testcase classname="ProdLevel.Test2" name="m3" time="17.971"/>
  <system-out/>
  <testcase classname="ProdLevel.Test2" name="m4" time="22.673"/>
  <system-out/>
</testsuite> <!-- ProdLevel.Test2 -->
