<?xml version="1.0" encoding="UTF-8"?>
<!-- Generated by org.testng.reporters.JUnitReportReporter -->
<testsuite hostname="LAPTOP-EDNQF8JN" failures="0" tests="3" name="EbayTestNG.Sprint1" time="43.905" errors="0" timestamp="2023-01-06T15:41:15 CST" skipped="0">
  <testcase classname="EbayTestNG.Sprint1" name="Test1" time="13.739"/>
  <system-out/>
  <testcase classname="EbayTestNG.Sprint1" name="Test2" time="21.444"/>
  <system-out/>
  <testcase classname="EbayTestNG.Sprint1" name="Test3" time="8.722"/>
  <system-out/>
</testsuite> <!-- EbayTestNG.Sprint1 -->
