<?xml version="1.0" encoding="UTF-8"?>
<!-- Generated by org.testng.reporters.JUnitReportReporter -->
<testsuite hostname="LAPTOP-EDNQF8JN" failures="0" tests="3" name="FacebookTestNG.FacebookSignInTest" time="36.142" errors="0" timestamp="2023-01-13T15:45:34 CST" skipped="0">
  <testcase classname="FacebookTestNG.FacebookSignInTest" name="f" time="19.732"/>
  <system-out/>
  <testcase classname="FacebookTestNG.FacebookSignInTest" name="f" time="9.211"/>
  <system-out/>
  <testcase classname="FacebookTestNG.FacebookSignInTest" name="f" time="7.199"/>
  <system-out/>
</testsuite> <!-- FacebookTestNG.FacebookSignInTest -->
