<?xml version="1.0" encoding="UTF-8"?>
<!-- Generated by org.testng.reporters.JUnitReportReporter -->
<testsuite hostname="LAPTOP-EDNQF8JN" failures="0" tests="2" name="TestingENV.Test4" time="0.009" errors="0" timestamp="2023-01-14T17:21:30 CST" skipped="0">
  <testcase classname="TestingENV.Test4" name="testcase5" time="0.002"/>
  <system-out/>
  <testcase classname="TestingENV.Test4" name="testcase4" time="0.007"/>
  <system-out/>
</testsuite> <!-- TestingENV.Test4 -->
