<?xml version="1.0" encoding="UTF-8"?>
<!-- Generated by org.testng.reporters.JUnitReportReporter -->
<testsuite hostname="LAPTOP-EDNQF8JN" failures="0" tests="2" name="AmazonTestNG1.Basic" time="0.004" errors="0" timestamp="2023-01-03T12:36:18 CST" skipped="0">
  <testcase classname="AmazonTestNG1.Basic" name="Test2" time="0.003"/>
  <system-out/>
  <testcase classname="AmazonTestNG1.Basic" name="f" time="0.001"/>
  <system-out/>
</testsuite> <!-- AmazonTestNG1.Basic -->
